<?xml version="1.0" encoding="UTF-8"?>
<!-- Generated by org.testng.reporters.JUnitXMLReporter -->
<testsuite ignored="0" hostname="MUM-LAP-409" failures="0" tests="2" name="Default test" time="46.34" errors="0" timestamp="05 Aug 2019 06:31:41 GMT">
  <testcase classname="com.assure.qa.testcases.LoginPageTest" name="loginPageTitleTest" time="0.116"/>
  <testcase classname="com.assure.qa.testcases.LoginPageTest" name="isAssureElementsDisplayedAndEnabled" time="1.187"/>
</testsuite> <!-- Default test -->
