<?xml version="1.0" encoding="UTF-8"?>
<!-- Generated by org.testng.reporters.JUnitXMLReporter -->
<testsuite ignored="4" hostname="MUM-LAP-409" failures="0" tests="1" name="Test3" time="15.677" errors="0" timestamp="08 Aug 2019 16:05:05 GMT">
  <testcase classname="com.assure.qa.testcases.LoginPageTest" name="VerifySectionAndButtonNames" time="4.255"/>
  <testcase classname="com.assure.qa.testcases.LoginPageTest" name="loginPageTitleTest" time="0.0">
    <ignored/>
  </testcase> <!-- loginPageTitleTest -->
  <testcase classname="com.assure.qa.testcases.LoginPageTest" name="isAssureElementsDisplayedAndEnabled" time="0.0">
    <ignored/>
  </testcase> <!-- isAssureElementsDisplayedAndEnabled -->
  <testcase classname="com.assure.qa.testcases.LoginPageTest" name="VerifyloginSuccessfulTest" time="0.0">
    <ignored/>
  </testcase> <!-- VerifyloginSuccessfulTest -->
  <testcase classname="com.assure.qa.testcases.LoginPageTest" name="VerifyloginUnsuccessfulMessageTest" time="0.0">
    <ignored/>
  </testcase> <!-- VerifyloginUnsuccessfulMessageTest -->
</testsuite> <!-- Test3 -->
