<?xml version="1.0" encoding="UTF-8"?>
<!-- Generated by org.testng.reporters.JUnitXMLReporter -->
<testsuite ignored="1" hostname="MUM-LAP-409" failures="0" tests="1" name="Test2" time="17.282" errors="0" timestamp="24 Aug 2019 19:00:36 GMT">
  <testcase classname="com.assure.qa.testcases.HomePageTest" name="VerifyButtonNamesTest" time="8.124"/>
  <testcase classname="com.assure.qa.testcases.HomePageTest" name="VerifySectionNamesTest" time="0.0">
    <ignored/>
  </testcase> <!-- VerifySectionNamesTest -->
</testsuite> <!-- Test2 -->
