<?xml version="1.0" encoding="UTF-8"?>
<!-- Generated by org.testng.reporters.JUnitXMLReporter -->
<testsuite ignored="5" hostname="MUM-LAP-409" failures="0" tests="1" name="Test4" time="18.957" errors="0" timestamp="08 Aug 2019 16:47:49 GMT">
  <testcase classname="com.assure.qa.testcases.LoginPageTest" name="VerifyButtonNames" time="9.298"/>
  <testcase classname="com.assure.qa.testcases.LoginPageTest" name="VerifySectionNames" time="0.0">
    <ignored/>
  </testcase> <!-- VerifySectionNames -->
  <testcase classname="com.assure.qa.testcases.LoginPageTest" name="loginPageTitleTest" time="0.0">
    <ignored/>
  </testcase> <!-- loginPageTitleTest -->
  <testcase classname="com.assure.qa.testcases.LoginPageTest" name="isAssureElementsDisplayedAndEnabled" time="0.0">
    <ignored/>
  </testcase> <!-- isAssureElementsDisplayedAndEnabled -->
  <testcase classname="com.assure.qa.testcases.LoginPageTest" name="VerifyloginSuccessfulTest" time="0.0">
    <ignored/>
  </testcase> <!-- VerifyloginSuccessfulTest -->
  <testcase classname="com.assure.qa.testcases.LoginPageTest" name="VerifyloginUnsuccessfulMessageTest" time="0.0">
    <ignored/>
  </testcase> <!-- VerifyloginUnsuccessfulMessageTest -->
</testsuite> <!-- Test4 -->
