<?xml version="1.0" encoding="UTF-8"?>
<!-- Generated by org.testng.reporters.JUnitXMLReporter -->
<testsuite ignored="4" hostname="MUM-LAP-409" failures="0" tests="3" name="Test2" time="32.752" errors="0" timestamp="08 Aug 2019 14:32:53 GMT">
  <testcase classname="com.assure.qa.testcases.LoginPageTest" name="VerifyloginUnsuccessfulMessageTest" time="1.973"/>
  <testcase classname="com.assure.qa.testcases.LoginPageTest" name="VerifyloginUnsuccessfulMessageTest" time="1.882"/>
  <testcase classname="com.assure.qa.testcases.LoginPageTest" name="VerifyloginUnsuccessfulMessageTest" time="2.337"/>
  <testcase classname="com.assure.qa.testcases.LoginPageTest" name="loginPageTitleTest" time="0.0">
    <ignored/>
  </testcase> <!-- loginPageTitleTest -->
  <testcase classname="com.assure.qa.testcases.LoginPageTest" name="VerifySectionAndButtonNames" time="0.0">
    <ignored/>
  </testcase> <!-- VerifySectionAndButtonNames -->
  <testcase classname="com.assure.qa.testcases.LoginPageTest" name="isAssureElementsDisplayedAndEnabled" time="0.0">
    <ignored/>
  </testcase> <!-- isAssureElementsDisplayedAndEnabled -->
  <testcase classname="com.assure.qa.testcases.LoginPageTest" name="VerifyloginSuccessfulTest" time="0.0">
    <ignored/>
  </testcase> <!-- VerifyloginSuccessfulTest -->
</testsuite> <!-- Test2 -->
