<?xml version="1.0" encoding="UTF-8"?>
<!-- Generated by org.testng.reporters.JUnitXMLReporter -->
<testsuite ignored="1" hostname="MUM-LAP-409" failures="0" tests="1" name="Test5" time="21.674" errors="0" timestamp="16 Aug 2019 09:59:22 GMT">
  <testcase classname="com.assure.qa.testcases.AbandonedVehiclesPopUpTest" name="isAbandonedVehiclesPopUpElementsDisplayedAndEnabled" time="9.641"/>
  <testcase classname="com.assure.qa.testcases.AbandonedVehiclesPopUpTest" name="selectAbandonedVehiclesType" time="0.0">
    <ignored/>
  </testcase> <!-- selectAbandonedVehiclesType -->
</testsuite> <!-- Test5 -->
