<?xml version="1.0" encoding="UTF-8"?>
<!-- Generated by org.testng.reporters.JUnitXMLReporter -->
<testsuite ignored="1" hostname="MUM-LAP-409" failures="0" tests="1" name="Test5" time="40.037" errors="0" timestamp="13 Aug 2019 16:04:13 GMT">
  <testcase classname="com.assure.qa.testcases.AbandonedVehiclesPopUpTest" name="selectAbandonedVehiclesType" time="30.035"/>
  <testcase classname="com.assure.qa.testcases.AbandonedVehiclesPopUpTest" name="isAbandonedVehiclesPopUpElementsDisplayedAndEnabled" time="0.0">
    <ignored/>
  </testcase> <!-- isAbandonedVehiclesPopUpElementsDisplayedAndEnabled -->
</testsuite> <!-- Test5 -->
