<?xml version="1.0" encoding="UTF-8"?>
<!-- Generated by org.testng.reporters.JUnitXMLReporter -->
<testsuite ignored="1" hostname="MUM-LAP-409" failures="0" tests="1" name="Test1" time="19.425" errors="0" timestamp="24 Aug 2019 19:24:02 GMT">
  <testcase classname="com.assure.qa.testcases.HomePageTest" name="VerifySectionNamesTest" time="6.593"/>
  <testcase classname="com.assure.qa.testcases.HomePageTest" name="VerifyButtonNamesTest" time="0.0">
    <ignored/>
  </testcase> <!-- VerifyButtonNamesTest -->
</testsuite> <!-- Test1 -->
