<?xml version="1.0" encoding="UTF-8"?>
<testsuite xmlns:xsi="http://www.w3.org/2001/XMLSchema-instance" xsi:noNamespaceSchemaLocation="https://maven.apache.org/surefire/maven-surefire-plugin/xsd/surefire-test-report.xsd" name="TestSuite" time="72.843" tests="4" errors="0" skipped="2" failures="2">
  <properties>
[...]
</properties>
  <testcase name="setUp" classname="com.assure.qa.testcases.HomePageTest" time="35.174">
    <failure message="timeout&#10;  (Session info: chrome=76.0.3809.100)&#10;Build info: version: &apos;3.141.59&apos;, revision: &apos;e82be7d358&apos;, time: &apos;2018-11-14T08:17:03&apos;&#10;System info: host: &apos;MUM-LAP-409&apos;, ip: &apos;10.102.194.220&apos;, os.name: &apos;Windows 7&apos;, os.arch: &apos;amd64&apos;, os.version: &apos;6.1&apos;, java.version: &apos;11.0.1&apos;&#10;Driver info: org.openqa.selenium.chrome.ChromeDriver&#10;Capabilities {acceptInsecureCerts: false, browserName: chrome, browserVersion: 76.0.3809.100, chrome: {chromedriverVersion: 76.0.3809.68 (420c9498db8ce..., userDataDir: C:\Users\JIGAR~1.MEH\AppDat...}, goog:chromeOptions: {debuggerAddress: localhost:59472}, javascriptEnabled: true, networkConnectionEnabled: false, pageLoadStrategy: normal, platform: XP, platformName: XP, proxy: Proxy(), setWindowRect: true, strictFileInteractability: false, timeouts: {implicit: 0, pageLoad: 300000, script: 30000}, unhandledPromptBehavior: dismiss and notify}&#10;Session ID: 19f2144ce8c1fdb2a477139865c7893c" type="org.openqa.selenium.TimeoutException">org.openqa.selenium.TimeoutException: 
timeout
  (Session info: chrome=76.0.3809.100)
Build info: version: '3.141.59', revision: 'e82be7d358', time: '2018-11-14T08:17:03'
System info: host: 'MUM-LAP-409', ip: '10.102.194.220', os.name: 'Windows 7', os.arch: 'amd64', os.version: '6.1', java.version: '11.0.1'
Driver info: org.openqa.selenium.chrome.ChromeDriver
Capabilities {acceptInsecureCerts: false, browserName: chrome, browserVersion: 76.0.3809.100, chrome: {chromedriverVersion: 76.0.3809.68 (420c9498db8ce..., userDataDir: C:\Users\JIGAR~1.MEH\AppDat...}, goog:chromeOptions: {debuggerAddress: localhost:59472}, javascriptEnabled: true, networkConnectionEnabled: false, pageLoadStrategy: normal, platform: XP, platformName: XP, proxy: Proxy(), setWindowRect: true, strictFileInteractability: false, timeouts: {implicit: 0, pageLoad: 300000, script: 30000}, unhandledPromptBehavior: dismiss and notify}
Session ID: 19f2144ce8c1fdb2a477139865c7893c
	at com.assure.qa.testcases.HomePageTest.setUp(HomePageTest.java:31)
</failure>
    <system-out><![CDATA[Report name = 26_08_2019_18_44_51.html
inside testbase...
inside testbase...
inside initialization method.......
inside testbase...
Before navigating to: 'http://lp-new-qa-web/ENGAGE_M3PPORACLE/ES/Presentation/'
Exception occured: org.openqa.selenium.TimeoutException: timeout
  (Session info: chrome=76.0.3809.100)
Build info: version: '3.141.59', revision: 'e82be7d358', time: '2018-11-14T08:17:03'
System info: host: 'MUM-LAP-409', ip: '10.102.194.220', os.name: 'Windows 7', os.arch: 'amd64', os.version: '6.1', java.version: '11.0.1'
Driver info: org.openqa.selenium.chrome.ChromeDriver
Capabilities {acceptInsecureCerts: false, browserName: chrome, browserVersion: 76.0.3809.100, chrome: {chromedriverVersion: 76.0.3809.68 (420c9498db8ce..., userDataDir: C:\Users\JIGAR~1.MEH\AppDat...}, goog:chromeOptions: {debuggerAddress: localhost:59472}, javascriptEnabled: true, networkConnectionEnabled: false, pageLoadStrategy: normal, platform: XP, platformName: XP, proxy: Proxy(), setWindowRect: true, strictFileInteractability: false, timeouts: {implicit: 0, pageLoad: 300000, script: 30000}, unhandledPromptBehavior: dismiss and notify}
Session ID: 19f2144ce8c1fdb2a477139865c7893c
]]></system-out>
    <system-err><![CDATA[Starting ChromeDriver 76.0.3809.68 (420c9498db8ce8fcd190a954d51297672c1515d5-refs/branch-heads/3809@{#864}) on port 43086
Only local connections are allowed.
Please protect ports used by ChromeDriver and related test frameworks to prevent access by malicious code.
Aug 26, 2019 6:45:04 PM org.openqa.selenium.remote.ProtocolHandshake createSession
INFO: Detected dialect: W3C
[1566825325.745][SEVERE]: Timed out receiving message from renderer: 19.997
[1566825325.745][SEVERE]: Timed out receiving message from renderer: -0.025
[1566825325.763][SEVERE]: Timed out receiving message from renderer: -0.042
]]></system-err>
  </testcase>
  <testcase name="VerifySectionNamesTest" classname="com.assure.qa.testcases.HomePageTest" time="0">
    <skipped message="timeout&#10;  (Session info: chrome=76.0.3809.100)&#10;Build info: version: &apos;3.141.59&apos;, revision: &apos;e82be7d358&apos;, time: &apos;2018-11-14T08:17:03&apos;&#10;System info: host: &apos;MUM-LAP-409&apos;, ip: &apos;10.102.194.220&apos;, os.name: &apos;Windows 7&apos;, os.arch: &apos;amd64&apos;, os.version: &apos;6.1&apos;, java.version: &apos;11.0.1&apos;&#10;Driver info: org.openqa.selenium.chrome.ChromeDriver&#10;Capabilities {acceptInsecureCerts: false, browserName: chrome, browserVersion: 76.0.3809.100, chrome: {chromedriverVersion: 76.0.3809.68 (420c9498db8ce..., userDataDir: C:\Users\JIGAR~1.MEH\AppDat...}, goog:chromeOptions: {debuggerAddress: localhost:59472}, javascriptEnabled: true, networkConnectionEnabled: false, pageLoadStrategy: normal, platform: XP, platformName: XP, proxy: Proxy(), setWindowRect: true, strictFileInteractability: false, timeouts: {implicit: 0, pageLoad: 300000, script: 30000}, unhandledPromptBehavior: dismiss and notify}&#10;Session ID: 19f2144ce8c1fdb2a477139865c7893c"/>
  </testcase>
  <testcase name="tearDown" classname="com.assure.qa.testcases.HomePageTest" time="0">
    <skipped/>
  </testcase>
  <testcase name="VerifyButtonNamesTest" classname="com.assure.qa.testcases.HomePageTest" time="21.034">
    <failure message="timeout&#10;  (Session info: chrome=76.0.3809.100)&#10;Build info: version: &apos;3.141.59&apos;, revision: &apos;e82be7d358&apos;, time: &apos;2018-11-14T08:17:03&apos;&#10;System info: host: &apos;MUM-LAP-409&apos;, ip: &apos;10.102.194.220&apos;, os.name: &apos;Windows 7&apos;, os.arch: &apos;amd64&apos;, os.version: &apos;6.1&apos;, java.version: &apos;11.0.1&apos;&#10;Driver info: org.openqa.selenium.chrome.ChromeDriver&#10;Capabilities {acceptInsecureCerts: false, browserName: chrome, browserVersion: 76.0.3809.100, chrome: {chromedriverVersion: 76.0.3809.68 (420c9498db8ce..., userDataDir: C:\Users\JIGAR~1.MEH\AppDat...}, goog:chromeOptions: {debuggerAddress: localhost:59497}, javascriptEnabled: true, networkConnectionEnabled: false, pageLoadStrategy: normal, platform: XP, platformName: XP, proxy: Proxy(), setWindowRect: true, strictFileInteractability: false, timeouts: {implicit: 0, pageLoad: 300000, script: 30000}, unhandledPromptBehavior: dismiss and notify}&#10;Session ID: 3efe7eac86d8c82e45c33d8d919627fe" type="org.openqa.selenium.TimeoutException">org.openqa.selenium.TimeoutException: 
timeout
  (Session info: chrome=76.0.3809.100)
Build info: version: '3.141.59', revision: 'e82be7d358', time: '2018-11-14T08:17:03'
System info: host: 'MUM-LAP-409', ip: '10.102.194.220', os.name: 'Windows 7', os.arch: 'amd64', os.version: '6.1', java.version: '11.0.1'
Driver info: org.openqa.selenium.chrome.ChromeDriver
Capabilities {acceptInsecureCerts: false, browserName: chrome, browserVersion: 76.0.3809.100, chrome: {chromedriverVersion: 76.0.3809.68 (420c9498db8ce..., userDataDir: C:\Users\JIGAR~1.MEH\AppDat...}, goog:chromeOptions: {debuggerAddress: localhost:59497}, javascriptEnabled: true, networkConnectionEnabled: false, pageLoadStrategy: normal, platform: XP, platformName: XP, proxy: Proxy(), setWindowRect: true, strictFileInteractability: false, timeouts: {implicit: 0, pageLoad: 300000, script: 30000}, unhandledPromptBehavior: dismiss and notify}
Session ID: 3efe7eac86d8c82e45c33d8d919627fe
	at com.assure.qa.testcases.HomePageTest.VerifyButtonNamesTest(HomePageTest.java:65)
</failure>
    <system-out><![CDATA[inside initialization method.......
inside testbase...
Before navigating to: 'http://lp-new-qa-web/ENGAGE_M3PPORACLE/ES/Presentation/'
Navigated to:'http://lp-new-qa-web/ENGAGE_M3PPORACLE/ES/Presentation/'
inside testbase...
VerifyButtonNamesTest begins...
Trying to find Element By : By.id: UserName
Found Element By : By.id: UserName
Trying to find Element By : By.id: Password
Found Element By : By.id: Password
Trying to find Element By : By.id: btnLogin
Found Element By : By.id: btnLogin
Trying to click on: [[ChromeDriver: chrome on XP (3efe7eac86d8c82e45c33d8d919627fe)] -> id: btnLogin]
Exception occured: org.openqa.selenium.TimeoutException: timeout
  (Session info: chrome=76.0.3809.100)
Build info: version: '3.141.59', revision: 'e82be7d358', time: '2018-11-14T08:17:03'
System info: host: 'MUM-LAP-409', ip: '10.102.194.220', os.name: 'Windows 7', os.arch: 'amd64', os.version: '6.1', java.version: '11.0.1'
Driver info: org.openqa.selenium.chrome.ChromeDriver
Capabilities {acceptInsecureCerts: false, browserName: chrome, browserVersion: 76.0.3809.100, chrome: {chromedriverVersion: 76.0.3809.68 (420c9498db8ce..., userDataDir: C:\Users\JIGAR~1.MEH\AppDat...}, goog:chromeOptions: {debuggerAddress: localhost:59497}, javascriptEnabled: true, networkConnectionEnabled: false, pageLoadStrategy: normal, platform: XP, platformName: XP, proxy: Proxy(), setWindowRect: true, strictFileInteractability: false, timeouts: {implicit: 0, pageLoad: 300000, script: 30000}, unhandledPromptBehavior: dismiss and notify}
Session ID: 3efe7eac86d8c82e45c33d8d919627fe
]]></system-out>
    <system-err><![CDATA[Starting ChromeDriver 76.0.3809.68 (420c9498db8ce8fcd190a954d51297672c1515d5-refs/branch-heads/3809@{#864}) on port 34053
Only local connections are allowed.
Please protect ports used by ChromeDriver and related test frameworks to prevent access by malicious code.
Aug 26, 2019 6:45:29 PM org.openqa.selenium.remote.ProtocolHandshake createSession
INFO: Detected dialect: W3C
[1566825361.640][SEVERE]: Timed out receiving message from renderer: 20.000
[1566825361.646][SEVERE]: Timed out receiving message from renderer: -0.008
]]></system-err>
  </testcase>
</testsuite>