<?xml version="1.0" encoding="UTF-8"?>
<testng-results ignored="5" total="6" passed="1" failed="0" skipped="0">
  <reporter-output>
  </reporter-output>
  <suite started-at="2019-08-08T16:47:30Z" name="Suite" finished-at="2019-08-08T16:47:49Z" duration-ms="18957">
    <groups>
    </groups>
    <test started-at="2019-08-08T16:47:30Z" name="Test4" finished-at="2019-08-08T16:47:49Z" duration-ms="18957">
      <class name="com.assure.qa.testcases.LoginPageTest">
        <test-method is-config="true" signature="setUp()[pri:0, instance:com.assure.qa.testcases.LoginPageTest@7c1e2a9e]" started-at="2019-08-08T16:47:30Z" name="setUp" finished-at="2019-08-08T16:47:39Z" duration-ms="8745" status="PASS">
          <reporter-output>
          </reporter-output>
        </test-method> <!-- setUp -->
        <test-method signature="VerifyButtonNames(org.testng.ITestContext)[pri:5, instance:com.assure.qa.testcases.LoginPageTest@7c1e2a9e]" started-at="2019-08-08T16:47:39Z" name="VerifyButtonNames" finished-at="2019-08-08T16:47:48Z" duration-ms="9298" status="PASS">
          <params>
            <param index="0">
              <value>
                <![CDATA[org.testng.TestRunner@7555b920]]>
              </value>
            </param>
          </params>
          <reporter-output>
          </reporter-output>
        </test-method> <!-- VerifyButtonNames -->
        <test-method is-config="true" signature="tearDown()[pri:0, instance:com.assure.qa.testcases.LoginPageTest@7c1e2a9e]" started-at="2019-08-08T16:47:48Z" name="tearDown" finished-at="2019-08-08T16:47:49Z" duration-ms="870" status="PASS">
          <reporter-output>
          </reporter-output>
        </test-method> <!-- tearDown -->
      </class> <!-- com.assure.qa.testcases.LoginPageTest -->
    </test> <!-- Test4 -->
  </suite> <!-- Suite -->
</testng-results>
