<?xml version="1.0" encoding="UTF-8"?>
<testng-results ignored="2" total="4" passed="2" failed="0" skipped="0">
  <reporter-output>
  </reporter-output>
  <suite started-at="2019-08-24T18:59:55Z" name="Suite" finished-at="2019-08-24T19:00:36Z" duration-ms="41430">
    <groups>
    </groups>
    <test started-at="2019-08-24T18:59:55Z" name="Test1" finished-at="2019-08-24T19:00:19Z" duration-ms="24071">
      <class name="com.assure.qa.testcases.HomePageTest">
        <test-method is-config="true" signature="setUp()[pri:0, instance:com.assure.qa.testcases.HomePageTest@514646ef]" started-at="2019-08-24T18:59:55Z" name="setUp" finished-at="2019-08-24T19:00:05Z" duration-ms="10196" status="PASS">
          <reporter-output>
          </reporter-output>
        </test-method> <!-- setUp -->
        <test-method signature="VerifySectionNamesTest(org.testng.ITestContext)[pri:5, instance:com.assure.qa.testcases.HomePageTest@514646ef]" started-at="2019-08-24T19:00:05Z" name="VerifySectionNamesTest" finished-at="2019-08-24T19:00:18Z" duration-ms="12751" status="PASS">
          <params>
            <param index="0">
              <value>
                <![CDATA[org.testng.TestRunner@74a9c4b0]]>
              </value>
            </param>
          </params>
          <reporter-output>
          </reporter-output>
        </test-method> <!-- VerifySectionNamesTest -->
        <test-method is-config="true" signature="tearDown()[pri:0, instance:com.assure.qa.testcases.HomePageTest@514646ef]" started-at="2019-08-24T19:00:18Z" name="tearDown" finished-at="2019-08-24T19:00:19Z" duration-ms="1087" status="PASS">
          <reporter-output>
          </reporter-output>
        </test-method> <!-- tearDown -->
      </class> <!-- com.assure.qa.testcases.HomePageTest -->
    </test> <!-- Test1 -->
    <test started-at="2019-08-24T19:00:19Z" name="Test2" finished-at="2019-08-24T19:00:36Z" duration-ms="17282">
      <class name="com.assure.qa.testcases.HomePageTest">
        <test-method is-config="true" signature="setUp()[pri:0, instance:com.assure.qa.testcases.HomePageTest@6cb107fd]" started-at="2019-08-24T19:00:19Z" name="setUp" finished-at="2019-08-24T19:00:27Z" duration-ms="8233" status="PASS">
          <reporter-output>
          </reporter-output>
        </test-method> <!-- setUp -->
        <test-method signature="VerifyButtonNamesTest(org.testng.ITestContext)[pri:5, instance:com.assure.qa.testcases.HomePageTest@6cb107fd]" started-at="2019-08-24T19:00:27Z" name="VerifyButtonNamesTest" finished-at="2019-08-24T19:00:36Z" duration-ms="8124" status="PASS">
          <params>
            <param index="0">
              <value>
                <![CDATA[org.testng.TestRunner@3d6a6bee]]>
              </value>
            </param>
          </params>
          <reporter-output>
          </reporter-output>
        </test-method> <!-- VerifyButtonNamesTest -->
        <test-method is-config="true" signature="tearDown()[pri:0, instance:com.assure.qa.testcases.HomePageTest@6cb107fd]" started-at="2019-08-24T19:00:36Z" name="tearDown" finished-at="2019-08-24T19:00:36Z" duration-ms="921" status="PASS">
          <reporter-output>
          </reporter-output>
        </test-method> <!-- tearDown -->
      </class> <!-- com.assure.qa.testcases.HomePageTest -->
    </test> <!-- Test2 -->
  </suite> <!-- Suite -->
</testng-results>
